  main.cpp
c:\users\tomas\onedrive\documents\visual studio 2015\projects\pacmanszablon\main.cpp(524): warning C4244: 'argument': conversion from 'double' to 'int', possible loss of data
c:\users\tomas\onedrive\documents\visual studio 2015\projects\pacmanszablon\main.cpp(561): warning C4018: '<': signed/unsigned mismatch
c:\users\tomas\onedrive\documents\visual studio 2015\projects\pacmanszablon\main.cpp(604): warning C4018: '<': signed/unsigned mismatch
c:\users\tomas\onedrive\documents\visual studio 2015\projects\pacmanszablon\main.cpp(623): warning C4018: '<': signed/unsigned mismatch
c:\users\tomas\onedrive\documents\visual studio 2015\projects\pacmanszablon\main.cpp(667): warning C4996: 'sprintf': This function or variable may be unsafe. Consider using sprintf_s instead. To disable deprecation, use _CRT_SECURE_NO_WARNINGS. See online help for details.
  c:\program files (x86)\windows kits\10\include\10.0.10240.0\ucrt\stdio.h(1769): note: see declaration of 'sprintf'
c:\users\tomas\onedrive\documents\visual studio 2015\projects\pacmanszablon\main.cpp(669): warning C4996: 'sprintf': This function or variable may be unsafe. Consider using sprintf_s instead. To disable deprecation, use _CRT_SECURE_NO_WARNINGS. See online help for details.
  c:\program files (x86)\windows kits\10\include\10.0.10240.0\ucrt\stdio.h(1769): note: see declaration of 'sprintf'
c:\users\tomas\onedrive\documents\visual studio 2015\projects\pacmanszablon\main.cpp(680): warning C4996: 'sprintf': This function or variable may be unsafe. Consider using sprintf_s instead. To disable deprecation, use _CRT_SECURE_NO_WARNINGS. See online help for details.
  c:\program files (x86)\windows kits\10\include\10.0.10240.0\ucrt\stdio.h(1769): note: see declaration of 'sprintf'
c:\users\tomas\onedrive\documents\visual studio 2015\projects\pacmanszablon\main.cpp(682): warning C4996: 'sprintf': This function or variable may be unsafe. Consider using sprintf_s instead. To disable deprecation, use _CRT_SECURE_NO_WARNINGS. See online help for details.
  c:\program files (x86)\windows kits\10\include\10.0.10240.0\ucrt\stdio.h(1769): note: see declaration of 'sprintf'
c:\users\tomas\onedrive\documents\visual studio 2015\projects\pacmanszablon\main.cpp(848): warning C4018: '<': signed/unsigned mismatch
c:\users\tomas\onedrive\documents\visual studio 2015\projects\pacmanszablon\main.cpp(850): warning C4244: 'argument': conversion from 'double' to 'int', possible loss of data
c:\users\tomas\onedrive\documents\visual studio 2015\projects\pacmanszablon\main.cpp(852): warning C4018: '<': signed/unsigned mismatch
c:\users\tomas\onedrive\documents\visual studio 2015\projects\pacmanszablon\main.cpp(856): warning C4244: 'argument': conversion from 'double' to 'int', possible loss of data
c:\users\tomas\onedrive\documents\visual studio 2015\projects\pacmanszablon\main.cpp(859): warning C4018: '<': signed/unsigned mismatch
c:\users\tomas\onedrive\documents\visual studio 2015\projects\pacmanszablon\main.cpp(863): warning C4244: 'argument': conversion from 'double' to 'int', possible loss of data
c:\users\tomas\onedrive\documents\visual studio 2015\projects\pacmanszablon\main.cpp(871): warning C4244: 'argument': conversion from 'double' to 'int', possible loss of data
c:\users\tomas\onedrive\documents\visual studio 2015\projects\pacmanszablon\main.cpp(877): warning C4244: 'argument': conversion from 'double' to 'int', possible loss of data
c:\users\tomas\onedrive\documents\visual studio 2015\projects\pacmanszablon\main.cpp(890): warning C4244: 'argument': conversion from 'double' to 'int', possible loss of data
c:\users\tomas\onedrive\documents\visual studio 2015\projects\pacmanszablon\main.cpp(921): warning C4244: 'argument': conversion from 'double' to 'int', possible loss of data
c:\users\tomas\onedrive\documents\visual studio 2015\projects\pacmanszablon\main.cpp(929): warning C4244: 'argument': conversion from 'double' to 'int', possible loss of data
c:\users\tomas\onedrive\documents\visual studio 2015\projects\pacmanszablon\main.cpp(961): warning C4244: 'argument': conversion from 'double' to 'int', possible loss of data
c:\users\tomas\onedrive\documents\visual studio 2015\projects\pacmanszablon\main.cpp(968): warning C4244: 'argument': conversion from 'double' to 'int', possible loss of data
c:\users\tomas\onedrive\documents\visual studio 2015\projects\pacmanszablon\main.cpp(1000): warning C4244: 'argument': conversion from 'double' to 'int', possible loss of data
c:\users\tomas\onedrive\documents\visual studio 2015\projects\pacmanszablon\main.cpp(1007): warning C4244: 'argument': conversion from 'double' to 'int', possible loss of data
c:\users\tomas\onedrive\documents\visual studio 2015\projects\pacmanszablon\main.cpp(1039): warning C4244: 'argument': conversion from 'double' to 'int', possible loss of data
c:\users\tomas\onedrive\documents\visual studio 2015\projects\pacmanszablon\main.cpp(800): warning C4996: 'sprintf': This function or variable may be unsafe. Consider using sprintf_s instead. To disable deprecation, use _CRT_SECURE_NO_WARNINGS. See online help for details.
  c:\program files (x86)\windows kits\10\include\10.0.10240.0\ucrt\stdio.h(1769): note: see declaration of 'sprintf'
c:\users\tomas\onedrive\documents\visual studio 2015\projects\pacmanszablon\main.cpp(827): warning C4996: 'sprintf': This function or variable may be unsafe. Consider using sprintf_s instead. To disable deprecation, use _CRT_SECURE_NO_WARNINGS. See online help for details.
  c:\program files (x86)\windows kits\10\include\10.0.10240.0\ucrt\stdio.h(1769): note: see declaration of 'sprintf'
c:\users\tomas\onedrive\documents\visual studio 2015\projects\pacmanszablon\main.cpp(830): warning C4996: 'sprintf': This function or variable may be unsafe. Consider using sprintf_s instead. To disable deprecation, use _CRT_SECURE_NO_WARNINGS. See online help for details.
  c:\program files (x86)\windows kits\10\include\10.0.10240.0\ucrt\stdio.h(1769): note: see declaration of 'sprintf'
c:\users\tomas\onedrive\documents\visual studio 2015\projects\pacmanszablon\main.cpp(832): warning C4474: 'sprintf' : too many arguments passed for format string
  c:\users\tomas\onedrive\documents\visual studio 2015\projects\pacmanszablon\main.cpp(832): note: placeholders and their parameters expect 0 variadic arguments, but 1 were provided
c:\users\tomas\onedrive\documents\visual studio 2015\projects\pacmanszablon\main.cpp(832): warning C4996: 'sprintf': This function or variable may be unsafe. Consider using sprintf_s instead. To disable deprecation, use _CRT_SECURE_NO_WARNINGS. See online help for details.
  c:\program files (x86)\windows kits\10\include\10.0.10240.0\ucrt\stdio.h(1769): note: see declaration of 'sprintf'
c:\users\tomas\onedrive\documents\visual studio 2015\projects\pacmanszablon\main.cpp(785): warning C4101: 'event': unreferenced local variable
c:\users\tomas\onedrive\documents\visual studio 2015\projects\pacmanszablon\main.cpp(1053): warning C4244: 'argument': conversion from 'time_t' to 'unsigned int', possible loss of data
c:\users\tomas\onedrive\documents\visual studio 2015\projects\pacmanszablon\main.cpp(1056): warning C4101: 'deltaa': unreferenced local variable
c:\users\tomas\onedrive\documents\visual studio 2015\projects\pacmanszablon\main.cpp(1056): warning C4101: 'angle': unreferenced local variable
c:\users\tomas\onedrive\documents\visual studio 2015\projects\pacmanszablon\main.cpp(1055): warning C4101: 'previousDirection': unreferenced local variable
cl : Command line warning D9028: minimal rebuild failure, reverting to normal build
  LINK : C:\Users\tomas\OneDrive\Documents\Visual Studio 2015\Projects\PacManSzablon\Debug\Zadanie2.exe not found or not built by the last incremental link; performing full link
main.obj : warning LNK4075: ignoring '/EDITANDCONTINUE' due to '/SAFESEH' specification
  Zadanie2 - VS2010.vcxproj -> C:\Users\tomas\OneDrive\Documents\Visual Studio 2015\Projects\PacManSzablon\Debug\Zadanie2.exe
  Zadanie2 - VS2010.vcxproj -> C:\Users\tomas\OneDrive\Documents\Visual Studio 2015\Projects\PacManSzablon\Debug\Zadanie2.pdb (Full PDB)
